D, [2014-10-21T13:22:00.682850 #27634] DEBUG -- :   [1m[36m (2.1ms)[0m  [1mCREATE TABLE "schema_migrations" ("version" varchar(255) NOT NULL) [0m
D, [2014-10-21T13:22:00.712364 #27634] DEBUG -- :   [1m[35m (29.2ms)[0m  select sqlite_version(*)
D, [2014-10-21T13:22:00.714168 #27634] DEBUG -- :   [1m[36m (1.4ms)[0m  [1mCREATE UNIQUE INDEX "unique_schema_migrations" ON "schema_migrations" ("version")[0m
D, [2014-10-21T13:22:00.715164 #27634] DEBUG -- :   [1m[35mActiveRecord::SchemaMigration Load (0.1ms)[0m  SELECT "schema_migrations".* FROM "schema_migrations"
I, [2014-10-21T13:22:00.716955 #27634]  INFO -- : Migrating to Musicroom (1)
D, [2014-10-21T14:04:04.319554 #28050] DEBUG -- :   [1m[36mActiveRecord::SchemaMigration Load (23.0ms)[0m  [1mSELECT "schema_migrations".* FROM "schema_migrations"[0m
I, [2014-10-21T14:04:04.321411 #28050]  INFO -- : Migrating to CreatePartitions (1)
D, [2014-10-21T14:06:07.523706 #28074] DEBUG -- :   [1m[36mActiveRecord::SchemaMigration Load (0.1ms)[0m  [1mSELECT "schema_migrations".* FROM "schema_migrations"[0m
I, [2014-10-21T14:06:07.525113 #28074]  INFO -- : Migrating to CreatePartitions (1)
D, [2014-10-21T14:06:07.525715 #28074] DEBUG -- :   [1m[35m (0.1ms)[0m  begin transaction
D, [2014-10-21T14:06:07.575729 #28074] DEBUG -- :   [1m[36m (11.2ms)[0m  [1mCREATE TABLE "partitions" ("id" INTEGER PRIMARY KEY AUTOINCREMENT NOT NULL, "title" varchar(255), "skill" varchar(255), "serie" varchar(255), "catnum" varchar(255), "isbn" integer, "description" varchar(255)) [0m
D, [2014-10-21T14:06:07.604754 #28074] DEBUG -- :   [1m[35mSQL (0.3ms)[0m  INSERT INTO "schema_migrations" ("version") VALUES (?)  [["version", "1"]]
D, [2014-10-21T14:06:07.606948 #28074] DEBUG -- :   [1m[36m (1.9ms)[0m  [1mcommit transaction[0m
D, [2014-10-21T14:27:22.147388 #28149] DEBUG -- :   [1m[36mActiveRecord::SchemaMigration Load (0.1ms)[0m  [1mSELECT "schema_migrations".* FROM "schema_migrations"[0m
I, [2014-10-21T14:27:22.150781 #28149]  INFO -- : Migrating to AddPhotoToPartitions (2)
D, [2014-10-21T14:27:51.796551 #28173] DEBUG -- :   [1m[36mActiveRecord::SchemaMigration Load (0.1ms)[0m  [1mSELECT "schema_migrations".* FROM "schema_migrations"[0m
I, [2014-10-21T14:27:51.799470 #28173]  INFO -- : Migrating to AddPhotoToPartitions (2)
D, [2014-10-21T14:28:39.932563 #28198] DEBUG -- :   [1m[36mActiveRecord::SchemaMigration Load (0.1ms)[0m  [1mSELECT "schema_migrations".* FROM "schema_migrations"[0m
I, [2014-10-21T14:28:39.935821 #28198]  INFO -- : Migrating to AddPhotoToPartitions (2)
D, [2014-10-21T14:29:10.781683 #28219] DEBUG -- :   [1m[36mActiveRecord::SchemaMigration Load (0.1ms)[0m  [1mSELECT "schema_migrations".* FROM "schema_migrations"[0m
I, [2014-10-21T14:29:10.784637 #28219]  INFO -- : Migrating to AddPhotoToPartitions (2)
D, [2014-10-21T14:29:33.490905 #28244] DEBUG -- :   [1m[36mActiveRecord::SchemaMigration Load (0.1ms)[0m  [1mSELECT "schema_migrations".* FROM "schema_migrations"[0m
I, [2014-10-21T14:29:33.493991 #28244]  INFO -- : Migrating to AddPhotoToPartitions (2)
D, [2014-10-21T14:29:33.494597 #28244] DEBUG -- :   [1m[35m (0.1ms)[0m  begin transaction
D, [2014-10-21T14:29:33.495001 #28244] DEBUG -- :   [1m[36m (0.1ms)[0m  [1mrollback transaction[0m
D, [2014-10-21T14:29:41.502686 #28265] DEBUG -- :   [1m[36mActiveRecord::SchemaMigration Load (0.1ms)[0m  [1mSELECT "schema_migrations".* FROM "schema_migrations"[0m
I, [2014-10-21T14:29:41.505482 #28265]  INFO -- : Migrating to AddPhotoToPartitions (2)
D, [2014-10-21T14:29:41.506077 #28265] DEBUG -- :   [1m[35m (0.1ms)[0m  begin transaction
D, [2014-10-21T14:29:41.506452 #28265] DEBUG -- :   [1m[36m (0.0ms)[0m  [1mrollback transaction[0m
D, [2014-10-21T14:30:28.931912 #28302] DEBUG -- :   [1m[36mActiveRecord::SchemaMigration Load (0.1ms)[0m  [1mSELECT "schema_migrations".* FROM "schema_migrations"[0m
I, [2014-10-21T14:30:28.934800 #28302]  INFO -- : Migrating to AddPhotoToPartitions (2)
D, [2014-10-21T14:30:28.935374 #28302] DEBUG -- :   [1m[35m (0.1ms)[0m  begin transaction
D, [2014-10-21T14:30:28.936082 #28302] DEBUG -- :   [1m[36m (0.1ms)[0m  [1mrollback transaction[0m
D, [2014-10-21T14:32:31.538323 #28331] DEBUG -- :   [1m[36mActiveRecord::SchemaMigration Load (0.1ms)[0m  [1mSELECT "schema_migrations".* FROM "schema_migrations"[0m
I, [2014-10-21T14:32:31.541718 #28331]  INFO -- : Migrating to AddPhotoToPartitions (2)
D, [2014-10-21T14:32:31.542423 #28331] DEBUG -- :   [1m[35m (0.1ms)[0m  begin transaction
D, [2014-10-21T14:32:31.546438 #28331] DEBUG -- :   [1m[36m (0.5ms)[0m  [1mALTER TABLE "partitions" ADD "photo" blob[0m
D, [2014-10-21T14:32:31.572866 #28331] DEBUG -- :   [1m[35mSQL (0.3ms)[0m  INSERT INTO "schema_migrations" ("version") VALUES (?)  [["version", "2"]]
D, [2014-10-21T14:32:31.575236 #28331] DEBUG -- :   [1m[36m (2.1ms)[0m  [1mcommit transaction[0m
D, [2014-10-21T15:10:52.248283 #28566] DEBUG -- :   [1m[36mActiveRecord::SchemaMigration Load (0.3ms)[0m  [1mSELECT "schema_migrations".* FROM "schema_migrations"[0m
I, [2014-10-21T15:10:52.251585 #28566]  INFO -- : Migrating to AddPriceToPartitions (3)
D, [2014-10-21T15:11:28.955315 #28597] DEBUG -- :   [1m[36mActiveRecord::SchemaMigration Load (0.1ms)[0m  [1mSELECT "schema_migrations".* FROM "schema_migrations"[0m
I, [2014-10-21T15:11:28.958406 #28597]  INFO -- : Migrating to AddPriceToPartitions (3)
D, [2014-10-21T15:11:28.959021 #28597] DEBUG -- :   [1m[35m (0.1ms)[0m  begin transaction
D, [2014-10-21T15:11:28.959470 #28597] DEBUG -- :   [1m[36m (0.0ms)[0m  [1mrollback transaction[0m
D, [2014-10-21T15:12:10.528233 #28624] DEBUG -- :   [1m[36mActiveRecord::SchemaMigration Load (0.1ms)[0m  [1mSELECT "schema_migrations".* FROM "schema_migrations"[0m
I, [2014-10-21T15:12:10.531746 #28624]  INFO -- : Migrating to AddPriceToPartitions (3)
D, [2014-10-21T15:12:10.532558 #28624] DEBUG -- :   [1m[35m (0.1ms)[0m  begin transaction
D, [2014-10-21T15:12:10.559410 #28624] DEBUG -- :   [1m[36m (0.6ms)[0m  [1mALTER TABLE "partitions" ADD "price" decimal[0m
D, [2014-10-21T15:12:10.566750 #28624] DEBUG -- :   [1m[35mSQL (0.3ms)[0m  INSERT INTO "schema_migrations" ("version") VALUES (?)  [["version", "3"]]
D, [2014-10-21T15:12:10.643146 #28624] DEBUG -- :   [1m[36m (76.1ms)[0m  [1mcommit transaction[0m
